<?xml version="1.0" encoding="UTF-8"?>
<coverage generated="1740778120233" clover="3.2.0">
  <project timestamp="1740778120233" name="All files">
    <metrics statements="69" coveredstatements="65" conditionals="28" coveredconditionals="20" methods="16" coveredmethods="15" elements="113" coveredelements="100" complexity="0" loc="69" ncloc="69" packages="1" files="2" classes="2"/>
    <file name="scraper.ts" path="/home/runner/work/simple-web-scraper/simple-web-scraper/src/scraper.ts">
      <metrics statements="31" coveredstatements="29" conditionals="13" coveredconditionals="7" methods="7" coveredmethods="6"/>
      <line num="1" count="1" type="stmt"/>
      <line num="2" count="1" type="stmt"/>
      <line num="3" count="1" type="stmt"/>
      <line num="11" count="1" type="stmt"/>
      <line num="17" count="6" type="stmt"/>
      <line num="20" count="6" type="cond" truecount="2" falsecount="0"/>
      <line num="22" count="6" type="cond" truecount="1" falsecount="1"/>
      <line num="31" count="6" type="stmt"/>
      <line num="33" count="6" type="cond" truecount="2" falsecount="0"/>
      <line num="34" count="2" type="stmt"/>
      <line num="36" count="4" type="stmt"/>
      <line num="47" count="2" type="stmt"/>
      <line num="48" count="2" type="stmt"/>
      <line num="49" count="2" type="stmt"/>
      <line num="51" count="2" type="stmt"/>
      <line num="53" count="2" type="stmt"/>
      <line num="54" count="1" type="stmt"/>
      <line num="56" count="1" type="stmt"/>
      <line num="57" count="0" type="stmt"/>
      <line num="58" count="0" type="cond" truecount="0" falsecount="2"/>
      <line num="62" count="2" type="stmt"/>
      <line num="63" count="2" type="stmt"/>
      <line num="73" count="4" type="stmt"/>
      <line num="74" count="4" type="stmt"/>
      <line num="75" count="4" type="stmt"/>
      <line num="77" count="4" type="stmt"/>
      <line num="79" count="4" type="stmt"/>
      <line num="80" count="3" type="stmt"/>
      <line num="82" count="3" type="cond" truecount="1" falsecount="1"/>
      <line num="84" count="4" type="stmt"/>
      <line num="93" count="6" type="stmt"/>
    </file>
    <file name="utils.ts" path="/home/runner/work/simple-web-scraper/simple-web-scraper/src/utils.ts">
      <metrics statements="38" coveredstatements="36" conditionals="15" coveredconditionals="13" methods="9" coveredmethods="9"/>
      <line num="1" count="1" type="stmt"/>
      <line num="2" count="1" type="stmt"/>
      <line num="9" count="1" type="stmt"/>
      <line num="10" count="1" type="stmt"/>
      <line num="11" count="1" type="stmt"/>
      <line num="20" count="1" type="stmt"/>
      <line num="22" count="4" type="cond" truecount="2" falsecount="0"/>
      <line num="24" count="4" type="cond" truecount="1" falsecount="0"/>
      <line num="25" count="1" type="stmt"/>
      <line num="26" count="1" type="stmt"/>
      <line num="30" count="3" type="stmt"/>
      <line num="31" count="3" type="stmt"/>
      <line num="34" count="3" type="stmt"/>
      <line num="37" count="3" type="stmt"/>
      <line num="38" count="4" type="stmt"/>
      <line num="39" count="8" type="stmt"/>
      <line num="42" count="8" type="cond" truecount="3" falsecount="1"/>
      <line num="43" count="0" type="stmt"/>
      <line num="47" count="8" type="cond" truecount="1" falsecount="0"/>
      <line num="48" count="4" type="stmt"/>
      <line num="52" count="8" type="stmt"/>
      <line num="55" count="8" type="cond" truecount="4" falsecount="0"/>
      <line num="56" count="1" type="stmt"/>
      <line num="59" count="8" type="stmt"/>
      <line num="62" count="4" type="stmt"/>
      <line num="65" count="3" type="stmt"/>
      <line num="66" count="3" type="stmt"/>
      <line num="74" count="1" type="stmt"/>
      <line num="75" count="3" type="stmt"/>
      <line num="76" count="3" type="stmt"/>
      <line num="78" count="3" type="stmt"/>
      <line num="82" count="4" type="stmt"/>
      <line num="83" count="8" type="cond" truecount="2" falsecount="1"/>
      <line num="84" count="0" type="stmt"/>
      <line num="87" count="4" type="stmt"/>
      <line num="89" count="2" type="stmt"/>
      <line num="91" count="1" type="stmt"/>
      <line num="92" count="1" type="stmt"/>
    </file>
  </project>
</coverage>
