{"/home/runner/work/simple-web-scraper/simple-web-scraper/src/scraper.ts": {"path":"/home/runner/work/simple-web-scraper/simple-web-scraper/src/scraper.ts","statementMap":{"0":{"start":{"line":1,"column":0},"end":{"line":1,"column":34}},"1":{"start":{"line":2,"column":0},"end":{"line":2,"column":26}},"2":{"start":{"line":3,"column":0},"end":{"line":3,"column":35}},"3":{"start":{"line":17,"column":4},"end":{"line":18,"column":71}},"4":{"start":{"line":19,"column":4},"end":{"line":19,"column":45}},"5":{"start":{"line":20,"column":4},"end":{"line":20,"column":37}},"6":{"start":{"line":29,"column":4},"end":{"line":29,"column":36}},"7":{"start":{"line":31,"column":4},"end":{"line":35,"column":5}},"8":{"start":{"line":32,"column":6},"end":{"line":32,"column":43}},"9":{"start":{"line":34,"column":6},"end":{"line":34,"column":41}},"10":{"start":{"line":39,"column":20},"end":{"line":39,"column":44}},"11":{"start":{"line":40,"column":17},"end":{"line":40,"column":40}},"12":{"start":{"line":41,"column":4},"end":{"line":41,"column":56}},"13":{"start":{"line":43,"column":38},"end":{"line":43,"column":40}},"14":{"start":{"line":44,"column":4},"end":{"line":50,"column":5}},"15":{"start":{"line":45,"column":23},"end":{"line":45,"column":38}},"16":{"start":{"line":46,"column":6},"end":{"line":49,"column":19}},"17":{"start":{"line":47,"column":19},"end":{"line":47,"column":46}},"18":{"start":{"line":48,"column":8},"end":{"line":48,"column":57}},"19":{"start":{"line":52,"column":4},"end":{"line":52,"column":26}},"20":{"start":{"line":53,"column":4},"end":{"line":53,"column":16}},"21":{"start":{"line":57,"column":21},"end":{"line":57,"column":41}},"22":{"start":{"line":58,"column":17},"end":{"line":58,"column":30}},"23":{"start":{"line":59,"column":14},"end":{"line":59,"column":32}},"24":{"start":{"line":61,"column":38},"end":{"line":61,"column":40}},"25":{"start":{"line":62,"column":4},"end":{"line":65,"column":5}},"26":{"start":{"line":63,"column":23},"end":{"line":63,"column":38}},"27":{"start":{"line":64,"column":6},"end":{"line":64,"column":60}},"28":{"start":{"line":66,"column":4},"end":{"line":66,"column":16}},"29":{"start":{"line":70,"column":4},"end":{"line":70,"column":61}},"30":{"start":{"line":70,"column":36},"end":{"line":70,"column":59}},"31":{"start":{"line":11,"column":0},"end":{"line":11,"column":13}}},"fnMap":{"0":{"name":"(anonymous_10)","decl":{"start":{"line":16,"column":2},"end":{"line":16,"column":14}},"loc":{"start":{"line":16,"column":42},"end":{"line":21,"column":3}}},"1":{"name":"(anonymous_11)","decl":{"start":{"line":28,"column":2},"end":{"line":28,"column":7}},"loc":{"start":{"line":28,"column":26},"end":{"line":36,"column":3}}},"2":{"name":"(anonymous_12)","decl":{"start":{"line":38,"column":10},"end":{"line":38,"column":15}},"loc":{"start":{"line":38,"column":47},"end":{"line":54,"column":3}}},"3":{"name":"(anonymous_13)","decl":{"start":{"line":46,"column":38},"end":{"line":46,"column":39}},"loc":{"start":{"line":46,"column":54},"end":{"line":49,"column":7}}},"4":{"name":"(anonymous_14)","decl":{"start":{"line":56,"column":10},"end":{"line":56,"column":15}},"loc":{"start":{"line":56,"column":45},"end":{"line":67,"column":3}}},"5":{"name":"(anonymous_15)","decl":{"start":{"line":69,"column":10},"end":{"line":69,"column":15}},"loc":{"start":{"line":69,"column":26},"end":{"line":71,"column":3}}},"6":{"name":"(anonymous_16)","decl":{"start":{"line":70,"column":23},"end":{"line":70,"column":24}},"loc":{"start":{"line":70,"column":36},"end":{"line":70,"column":59}}}},"branchMap":{"0":{"loc":{"start":{"line":16,"column":14},"end":{"line":16,"column":42}},"type":"default-arg","locations":[{"start":{"line":16,"column":40},"end":{"line":16,"column":42}}]},"1":{"loc":{"start":{"line":18,"column":6},"end":{"line":18,"column":70}},"type":"cond-expr","locations":[{"start":{"line":18,"column":43},"end":{"line":18,"column":63}},{"start":{"line":18,"column":66},"end":{"line":18,"column":70}}]},"2":{"loc":{"start":{"line":19,"column":20},"end":{"line":19,"column":44}},"type":"binary-expr","locations":[{"start":{"line":19,"column":20},"end":{"line":19,"column":36}},{"start":{"line":19,"column":40},"end":{"line":19,"column":44}}]},"3":{"loc":{"start":{"line":20,"column":17},"end":{"line":20,"column":36}},"type":"binary-expr","locations":[{"start":{"line":20,"column":17},"end":{"line":20,"column":30}},{"start":{"line":20,"column":34},"end":{"line":20,"column":36}}]},"4":{"loc":{"start":{"line":31,"column":4},"end":{"line":35,"column":5}},"type":"if","locations":[{"start":{"line":31,"column":4},"end":{"line":35,"column":5}},{"start":{"line":33,"column":11},"end":{"line":35,"column":5}}]},"5":{"loc":{"start":{"line":48,"column":15},"end":{"line":48,"column":56}},"type":"cond-expr","locations":[{"start":{"line":48,"column":21},"end":{"line":48,"column":49}},{"start":{"line":48,"column":52},"end":{"line":48,"column":56}}]},"6":{"loc":{"start":{"line":64,"column":18},"end":{"line":64,"column":59}},"type":"binary-expr","locations":[{"start":{"line":64,"column":18},"end":{"line":64,"column":51}},{"start":{"line":64,"column":55},"end":{"line":64,"column":59}}]}},"s":{"0":1,"1":1,"2":1,"3":6,"4":6,"5":6,"6":6,"7":6,"8":2,"9":4,"10":2,"11":2,"12":2,"13":2,"14":2,"15":1,"16":1,"17":0,"18":0,"19":2,"20":2,"21":4,"22":4,"23":4,"24":4,"25":4,"26":3,"27":3,"28":4,"29":6,"30":6,"31":1},"f":{"0":6,"1":6,"2":2,"3":0,"4":4,"5":6,"6":6},"b":{"0":[0],"1":[6,0],"2":[6,5],"3":[6,0],"4":[2,4],"5":[0,0],"6":[3,0]}}
,"/home/runner/work/simple-web-scraper/simple-web-scraper/src/utils.ts": {"path":"/home/runner/work/simple-web-scraper/simple-web-scraper/src/utils.ts","statementMap":{"0":{"start":{"line":8,"column":0},"end":{"line":8,"column":16}},"1":{"start":{"line":19,"column":0},"end":{"line":19,"column":16}},"2":{"start":{"line":1,"column":0},"end":{"line":1,"column":25}},"3":{"start":{"line":9,"column":2},"end":{"line":9,"column":60}},"4":{"start":{"line":10,"column":2},"end":{"line":10,"column":59}},"5":{"start":{"line":20,"column":18},"end":{"line":20,"column":53}},"6":{"start":{"line":22,"column":2},"end":{"line":25,"column":3}},"7":{"start":{"line":23,"column":4},"end":{"line":23,"column":37}},"8":{"start":{"line":24,"column":4},"end":{"line":24,"column":11}},"9":{"start":{"line":27,"column":18},"end":{"line":27,"column":41}},"10":{"start":{"line":28,"column":28},"end":{"line":28,"column":30}},"11":{"start":{"line":31,"column":2},"end":{"line":31,"column":34}},"12":{"start":{"line":34,"column":2},"end":{"line":46,"column":3}},"13":{"start":{"line":35,"column":19},"end":{"line":44,"column":6}},"14":{"start":{"line":36,"column":18},"end":{"line":36,"column":29}},"15":{"start":{"line":37,"column":6},"end":{"line":42,"column":7}},"16":{"start":{"line":38,"column":8},"end":{"line":38,"column":42}},"17":{"start":{"line":39,"column":8},"end":{"line":41,"column":9}},"18":{"start":{"line":40,"column":10},"end":{"line":40,"column":31}},"19":{"start":{"line":43,"column":6},"end":{"line":43,"column":19}},"20":{"start":{"line":45,"column":4},"end":{"line":45,"column":35}},"21":{"start":{"line":48,"column":2},"end":{"line":48,"column":49}},"22":{"start":{"line":49,"column":2},"end":{"line":49,"column":58}}},"fnMap":{"0":{"name":"exportToJSON","decl":{"start":{"line":8,"column":16},"end":{"line":8,"column":28}},"loc":{"start":{"line":8,"column":56},"end":{"line":11,"column":1}}},"1":{"name":"exportToCSV","decl":{"start":{"line":19,"column":16},"end":{"line":19,"column":27}},"loc":{"start":{"line":19,"column":63},"end":{"line":50,"column":1}}},"2":{"name":"(anonymous_11)","decl":{"start":{"line":35,"column":31},"end":{"line":35,"column":32}},"loc":{"start":{"line":35,"column":42},"end":{"line":44,"column":5}}}},"branchMap":{"0":{"loc":{"start":{"line":20,"column":18},"end":{"line":20,"column":53}},"type":"cond-expr","locations":[{"start":{"line":20,"column":40},"end":{"line":20,"column":44}},{"start":{"line":20,"column":47},"end":{"line":20,"column":53}}]},"1":{"loc":{"start":{"line":22,"column":2},"end":{"line":25,"column":3}},"type":"if","locations":[{"start":{"line":22,"column":2},"end":{"line":25,"column":3}}]},"2":{"loc":{"start":{"line":37,"column":6},"end":{"line":42,"column":7}},"type":"if","locations":[{"start":{"line":37,"column":6},"end":{"line":42,"column":7}}]},"3":{"loc":{"start":{"line":39,"column":8},"end":{"line":41,"column":9}},"type":"if","locations":[{"start":{"line":39,"column":8},"end":{"line":41,"column":9}}]}},"s":{"0":1,"1":1,"2":1,"3":1,"4":1,"5":4,"6":4,"7":1,"8":1,"9":3,"10":3,"11":3,"12":3,"13":4,"14":8,"15":8,"16":4,"17":4,"18":1,"19":8,"20":4,"21":3,"22":3},"f":{"0":1,"1":4,"2":8},"b":{"0":[2,2],"1":[1],"2":[4],"3":[1]}}
}
