{"/home/runner/work/simple-web-scraper/simple-web-scraper/src/scraper.ts": {"path":"/home/runner/work/simple-web-scraper/simple-web-scraper/src/scraper.ts","statementMap":{"0":{"start":{"line":1,"column":0},"end":{"line":1,"column":34}},"1":{"start":{"line":2,"column":0},"end":{"line":2,"column":26}},"2":{"start":{"line":3,"column":0},"end":{"line":3,"column":35}},"3":{"start":{"line":17,"column":4},"end":{"line":18,"column":71}},"4":{"start":{"line":20,"column":4},"end":{"line":20,"column":45}},"5":{"start":{"line":22,"column":4},"end":{"line":22,"column":37}},"6":{"start":{"line":31,"column":4},"end":{"line":31,"column":36}},"7":{"start":{"line":33,"column":4},"end":{"line":37,"column":5}},"8":{"start":{"line":34,"column":6},"end":{"line":34,"column":43}},"9":{"start":{"line":36,"column":6},"end":{"line":36,"column":41}},"10":{"start":{"line":47,"column":20},"end":{"line":47,"column":44}},"11":{"start":{"line":48,"column":17},"end":{"line":48,"column":40}},"12":{"start":{"line":49,"column":4},"end":{"line":49,"column":56}},"13":{"start":{"line":51,"column":38},"end":{"line":51,"column":40}},"14":{"start":{"line":53,"column":4},"end":{"line":60,"column":5}},"15":{"start":{"line":54,"column":23},"end":{"line":54,"column":38}},"16":{"start":{"line":56,"column":6},"end":{"line":59,"column":19}},"17":{"start":{"line":57,"column":19},"end":{"line":57,"column":46}},"18":{"start":{"line":58,"column":8},"end":{"line":58,"column":57}},"19":{"start":{"line":62,"column":4},"end":{"line":62,"column":26}},"20":{"start":{"line":63,"column":4},"end":{"line":63,"column":16}},"21":{"start":{"line":73,"column":21},"end":{"line":73,"column":41}},"22":{"start":{"line":74,"column":17},"end":{"line":74,"column":30}},"23":{"start":{"line":75,"column":14},"end":{"line":75,"column":32}},"24":{"start":{"line":77,"column":38},"end":{"line":77,"column":40}},"25":{"start":{"line":79,"column":4},"end":{"line":83,"column":5}},"26":{"start":{"line":80,"column":23},"end":{"line":80,"column":38}},"27":{"start":{"line":82,"column":6},"end":{"line":82,"column":60}},"28":{"start":{"line":84,"column":4},"end":{"line":84,"column":16}},"29":{"start":{"line":93,"column":4},"end":{"line":93,"column":61}},"30":{"start":{"line":93,"column":36},"end":{"line":93,"column":59}},"31":{"start":{"line":11,"column":0},"end":{"line":11,"column":13}}},"fnMap":{"0":{"name":"(anonymous_10)","decl":{"start":{"line":16,"column":2},"end":{"line":16,"column":14}},"loc":{"start":{"line":16,"column":42},"end":{"line":23,"column":3}}},"1":{"name":"(anonymous_11)","decl":{"start":{"line":30,"column":2},"end":{"line":30,"column":7}},"loc":{"start":{"line":30,"column":26},"end":{"line":38,"column":3}}},"2":{"name":"(anonymous_12)","decl":{"start":{"line":46,"column":10},"end":{"line":46,"column":15}},"loc":{"start":{"line":46,"column":47},"end":{"line":64,"column":3}}},"3":{"name":"(anonymous_13)","decl":{"start":{"line":56,"column":38},"end":{"line":56,"column":39}},"loc":{"start":{"line":56,"column":54},"end":{"line":59,"column":7}}},"4":{"name":"(anonymous_14)","decl":{"start":{"line":72,"column":10},"end":{"line":72,"column":15}},"loc":{"start":{"line":72,"column":45},"end":{"line":85,"column":3}}},"5":{"name":"(anonymous_15)","decl":{"start":{"line":92,"column":10},"end":{"line":92,"column":15}},"loc":{"start":{"line":92,"column":26},"end":{"line":94,"column":3}}},"6":{"name":"(anonymous_16)","decl":{"start":{"line":93,"column":23},"end":{"line":93,"column":24}},"loc":{"start":{"line":93,"column":36},"end":{"line":93,"column":59}}}},"branchMap":{"0":{"loc":{"start":{"line":16,"column":14},"end":{"line":16,"column":42}},"type":"default-arg","locations":[{"start":{"line":16,"column":40},"end":{"line":16,"column":42}}]},"1":{"loc":{"start":{"line":18,"column":6},"end":{"line":18,"column":70}},"type":"cond-expr","locations":[{"start":{"line":18,"column":43},"end":{"line":18,"column":63}},{"start":{"line":18,"column":66},"end":{"line":18,"column":70}}]},"2":{"loc":{"start":{"line":20,"column":20},"end":{"line":20,"column":44}},"type":"binary-expr","locations":[{"start":{"line":20,"column":20},"end":{"line":20,"column":36}},{"start":{"line":20,"column":40},"end":{"line":20,"column":44}}]},"3":{"loc":{"start":{"line":22,"column":17},"end":{"line":22,"column":36}},"type":"binary-expr","locations":[{"start":{"line":22,"column":17},"end":{"line":22,"column":30}},{"start":{"line":22,"column":34},"end":{"line":22,"column":36}}]},"4":{"loc":{"start":{"line":33,"column":4},"end":{"line":37,"column":5}},"type":"if","locations":[{"start":{"line":33,"column":4},"end":{"line":37,"column":5}},{"start":{"line":35,"column":11},"end":{"line":37,"column":5}}]},"5":{"loc":{"start":{"line":58,"column":15},"end":{"line":58,"column":56}},"type":"cond-expr","locations":[{"start":{"line":58,"column":21},"end":{"line":58,"column":49}},{"start":{"line":58,"column":52},"end":{"line":58,"column":56}}]},"6":{"loc":{"start":{"line":82,"column":18},"end":{"line":82,"column":59}},"type":"binary-expr","locations":[{"start":{"line":82,"column":18},"end":{"line":82,"column":51}},{"start":{"line":82,"column":55},"end":{"line":82,"column":59}}]}},"s":{"0":1,"1":1,"2":1,"3":6,"4":6,"5":6,"6":6,"7":6,"8":2,"9":4,"10":2,"11":2,"12":2,"13":2,"14":2,"15":1,"16":1,"17":0,"18":0,"19":2,"20":2,"21":4,"22":4,"23":4,"24":4,"25":4,"26":3,"27":3,"28":4,"29":6,"30":6,"31":1},"f":{"0":6,"1":6,"2":2,"3":0,"4":4,"5":6,"6":6},"b":{"0":[0],"1":[6,0],"2":[6,5],"3":[6,0],"4":[2,4],"5":[0,0],"6":[3,0]}}
,"/home/runner/work/simple-web-scraper/simple-web-scraper/src/utils.ts": {"path":"/home/runner/work/simple-web-scraper/simple-web-scraper/src/utils.ts","statementMap":{"0":{"start":{"line":9,"column":0},"end":{"line":9,"column":16}},"1":{"start":{"line":20,"column":0},"end":{"line":20,"column":16}},"2":{"start":{"line":74,"column":0},"end":{"line":74,"column":7}},"3":{"start":{"line":1,"column":0},"end":{"line":1,"column":25}},"4":{"start":{"line":2,"column":0},"end":{"line":2,"column":35}},"5":{"start":{"line":10,"column":2},"end":{"line":10,"column":60}},"6":{"start":{"line":11,"column":2},"end":{"line":11,"column":60}},"7":{"start":{"line":22,"column":18},"end":{"line":22,"column":53}},"8":{"start":{"line":24,"column":2},"end":{"line":27,"column":3}},"9":{"start":{"line":25,"column":4},"end":{"line":25,"column":37}},"10":{"start":{"line":26,"column":4},"end":{"line":26,"column":11}},"11":{"start":{"line":30,"column":18},"end":{"line":30,"column":41}},"12":{"start":{"line":31,"column":28},"end":{"line":31,"column":30}},"13":{"start":{"line":34,"column":2},"end":{"line":34,"column":34}},"14":{"start":{"line":37,"column":2},"end":{"line":63,"column":3}},"15":{"start":{"line":38,"column":19},"end":{"line":60,"column":6}},"16":{"start":{"line":39,"column":18},"end":{"line":39,"column":29}},"17":{"start":{"line":42,"column":6},"end":{"line":44,"column":7}},"18":{"start":{"line":43,"column":8},"end":{"line":43,"column":20}},"19":{"start":{"line":47,"column":6},"end":{"line":49,"column":7}},"20":{"start":{"line":48,"column":8},"end":{"line":48,"column":30}},"21":{"start":{"line":52,"column":6},"end":{"line":52,"column":40}},"22":{"start":{"line":55,"column":6},"end":{"line":57,"column":7}},"23":{"start":{"line":56,"column":8},"end":{"line":56,"column":29}},"24":{"start":{"line":59,"column":6},"end":{"line":59,"column":19}},"25":{"start":{"line":62,"column":4},"end":{"line":62,"column":35}},"26":{"start":{"line":65,"column":2},"end":{"line":65,"column":58}},"27":{"start":{"line":66,"column":2},"end":{"line":66,"column":59}},"28":{"start":{"line":75,"column":2},"end":{"line":94,"column":5}},"29":{"start":{"line":76,"column":27},"end":{"line":76,"column":29}},"30":{"start":{"line":78,"column":4},"end":{"line":93,"column":9}},"31":{"start":{"line":82,"column":8},"end":{"line":86,"column":11}},"32":{"start":{"line":83,"column":10},"end":{"line":85,"column":11}},"33":{"start":{"line":84,"column":12},"end":{"line":84,"column":26}},"34":{"start":{"line":87,"column":8},"end":{"line":87,"column":26}},"35":{"start":{"line":89,"column":23},"end":{"line":89,"column":39}},"36":{"start":{"line":91,"column":8},"end":{"line":91,"column":51}},"37":{"start":{"line":92,"column":8},"end":{"line":92,"column":22}}},"fnMap":{"0":{"name":"exportToJSON","decl":{"start":{"line":9,"column":16},"end":{"line":9,"column":28}},"loc":{"start":{"line":9,"column":56},"end":{"line":12,"column":1}}},"1":{"name":"exportToCSV","decl":{"start":{"line":20,"column":16},"end":{"line":20,"column":27}},"loc":{"start":{"line":20,"column":63},"end":{"line":67,"column":1}}},"2":{"name":"(anonymous_12)","decl":{"start":{"line":38,"column":31},"end":{"line":38,"column":32}},"loc":{"start":{"line":38,"column":42},"end":{"line":60,"column":5}}},"3":{"name":"readCSV","decl":{"start":{"line":74,"column":22},"end":{"line":74,"column":29}},"loc":{"start":{"line":74,"column":46},"end":{"line":95,"column":1}}},"4":{"name":"(anonymous_14)","decl":{"start":{"line":75,"column":21},"end":{"line":75,"column":22}},"loc":{"start":{"line":75,"column":41},"end":{"line":94,"column":3}}},"5":{"name":"(anonymous_15)","decl":{"start":{"line":80,"column":18},"end":{"line":80,"column":19}},"loc":{"start":{"line":80,"column":26},"end":{"line":88,"column":7}}},"6":{"name":"(anonymous_16)","decl":{"start":{"line":82,"column":33},"end":{"line":82,"column":34}},"loc":{"start":{"line":82,"column":41},"end":{"line":86,"column":9}}},"7":{"name":"(anonymous_17)","decl":{"start":{"line":89,"column":17},"end":{"line":89,"column":20}},"loc":{"start":{"line":89,"column":23},"end":{"line":89,"column":39}}},"8":{"name":"(anonymous_18)","decl":{"start":{"line":90,"column":19},"end":{"line":90,"column":20}},"loc":{"start":{"line":90,"column":29},"end":{"line":93,"column":7}}}},"branchMap":{"0":{"loc":{"start":{"line":22,"column":18},"end":{"line":22,"column":53}},"type":"cond-expr","locations":[{"start":{"line":22,"column":40},"end":{"line":22,"column":44}},{"start":{"line":22,"column":47},"end":{"line":22,"column":53}}]},"1":{"loc":{"start":{"line":24,"column":2},"end":{"line":27,"column":3}},"type":"if","locations":[{"start":{"line":24,"column":2},"end":{"line":27,"column":3}}]},"2":{"loc":{"start":{"line":42,"column":6},"end":{"line":44,"column":7}},"type":"if","locations":[{"start":{"line":42,"column":6},"end":{"line":44,"column":7}}]},"3":{"loc":{"start":{"line":42,"column":10},"end":{"line":42,"column":63}},"type":"binary-expr","locations":[{"start":{"line":42,"column":10},"end":{"line":42,"column":24}},{"start":{"line":42,"column":28},"end":{"line":42,"column":47}},{"start":{"line":42,"column":51},"end":{"line":42,"column":63}}]},"4":{"loc":{"start":{"line":47,"column":6},"end":{"line":49,"column":7}},"type":"if","locations":[{"start":{"line":47,"column":6},"end":{"line":49,"column":7}}]},"5":{"loc":{"start":{"line":55,"column":6},"end":{"line":57,"column":7}},"type":"if","locations":[{"start":{"line":55,"column":6},"end":{"line":57,"column":7}}]},"6":{"loc":{"start":{"line":55,"column":10},"end":{"line":55,"column":76}},"type":"binary-expr","locations":[{"start":{"line":55,"column":10},"end":{"line":55,"column":29}},{"start":{"line":55,"column":33},"end":{"line":55,"column":53}},{"start":{"line":55,"column":57},"end":{"line":55,"column":76}}]},"7":{"loc":{"start":{"line":83,"column":10},"end":{"line":85,"column":11}},"type":"if","locations":[{"start":{"line":83,"column":10},"end":{"line":85,"column":11}}]},"8":{"loc":{"start":{"line":83,"column":14},"end":{"line":83,"column":57}},"type":"binary-expr","locations":[{"start":{"line":83,"column":14},"end":{"line":83,"column":36}},{"start":{"line":83,"column":40},"end":{"line":83,"column":57}}]}},"s":{"0":1,"1":1,"2":1,"3":1,"4":1,"5":1,"6":1,"7":4,"8":4,"9":1,"10":1,"11":3,"12":3,"13":3,"14":3,"15":4,"16":8,"17":8,"18":0,"19":8,"20":4,"21":8,"22":8,"23":1,"24":8,"25":4,"26":3,"27":3,"28":3,"29":3,"30":3,"31":4,"32":8,"33":0,"34":4,"35":2,"36":1,"37":1},"f":{"0":1,"1":4,"2":8,"3":3,"4":3,"5":4,"6":8,"7":2,"8":1},"b":{"0":[2,2],"1":[1],"2":[0],"3":[8,8,8],"4":[4],"5":[1],"6":[8,7,7],"7":[0],"8":[8,8]}}
}
