TN:
SF:src/scraper.ts
FN:17,(anonymous_10)
FN:29,(anonymous_11)
FN:39,(anonymous_12)
FN:47,(anonymous_13)
FN:57,(anonymous_14)
FN:70,(anonymous_15)
FN:71,(anonymous_16)
FNF:7
FNH:6
FNDA:6,(anonymous_10)
FNDA:6,(anonymous_11)
FNDA:2,(anonymous_12)
FNDA:0,(anonymous_13)
FNDA:4,(anonymous_14)
FNDA:6,(anonymous_15)
FNDA:6,(anonymous_16)
DA:1,1
DA:2,1
DA:3,1
DA:12,1
DA:18,6
DA:20,6
DA:21,6
DA:30,6
DA:32,6
DA:33,2
DA:35,4
DA:40,2
DA:41,2
DA:42,2
DA:44,2
DA:45,2
DA:46,1
DA:47,1
DA:48,0
DA:49,0
DA:53,2
DA:54,2
DA:58,4
DA:59,4
DA:60,4
DA:62,4
DA:63,4
DA:64,3
DA:65,3
DA:67,4
DA:71,6
LF:31
LH:29
BRDA:17,0,0,0
BRDA:19,1,0,6
BRDA:19,1,1,0
BRDA:20,2,0,6
BRDA:20,2,1,5
BRDA:21,3,0,6
BRDA:21,3,1,0
BRDA:32,4,0,2
BRDA:32,4,1,4
BRDA:49,5,0,0
BRDA:49,5,1,0
BRDA:65,6,0,3
BRDA:65,6,1,0
BRF:13
BRH:7
end_of_record
TN:
SF:src/utils.ts
FN:8,exportToJSON
FN:19,exportToCSV
FN:35,(anonymous_11)
FNF:3
FNH:3
FNDA:1,exportToJSON
FNDA:4,exportToCSV
FNDA:8,(anonymous_11)
DA:1,1
DA:8,1
DA:9,1
DA:10,1
DA:19,1
DA:20,4
DA:22,4
DA:23,1
DA:24,1
DA:27,3
DA:28,3
DA:31,3
DA:34,3
DA:35,4
DA:36,8
DA:37,8
DA:38,4
DA:39,4
DA:40,1
DA:43,8
DA:45,4
DA:48,3
DA:49,3
LF:23
LH:23
BRDA:20,0,0,2
BRDA:20,0,1,2
BRDA:22,1,0,1
BRDA:37,2,0,4
BRDA:39,3,0,1
BRF:5
BRH:5
end_of_record
