TN:
SF:src/scraper.ts
FN:16,(anonymous_10)
FN:30,(anonymous_11)
FN:46,(anonymous_12)
FN:56,(anonymous_13)
FN:72,(anonymous_14)
FN:92,(anonymous_15)
FN:93,(anonymous_16)
FNF:7
FNH:6
FNDA:6,(anonymous_10)
FNDA:6,(anonymous_11)
FNDA:2,(anonymous_12)
FNDA:0,(anonymous_13)
FNDA:4,(anonymous_14)
FNDA:6,(anonymous_15)
FNDA:6,(anonymous_16)
DA:1,1
DA:2,1
DA:3,1
DA:11,1
DA:17,6
DA:20,6
DA:22,6
DA:31,6
DA:33,6
DA:34,2
DA:36,4
DA:47,2
DA:48,2
DA:49,2
DA:51,2
DA:53,2
DA:54,1
DA:56,1
DA:57,0
DA:58,0
DA:62,2
DA:63,2
DA:73,4
DA:74,4
DA:75,4
DA:77,4
DA:79,4
DA:80,3
DA:82,3
DA:84,4
DA:93,6
LF:31
LH:29
BRDA:16,0,0,0
BRDA:18,1,0,6
BRDA:18,1,1,0
BRDA:20,2,0,6
BRDA:20,2,1,5
BRDA:22,3,0,6
BRDA:22,3,1,0
BRDA:33,4,0,2
BRDA:33,4,1,4
BRDA:58,5,0,0
BRDA:58,5,1,0
BRDA:82,6,0,3
BRDA:82,6,1,0
BRF:13
BRH:7
end_of_record
TN:
SF:src/utils.ts
FN:8,exportToJSON
FN:19,exportToCSV
FN:37,(anonymous_11)
FNF:3
FNH:3
FNDA:1,exportToJSON
FNDA:4,exportToCSV
FNDA:8,(anonymous_11)
DA:1,1
DA:8,1
DA:9,1
DA:10,1
DA:19,1
DA:21,4
DA:23,4
DA:24,1
DA:25,1
DA:29,3
DA:30,3
DA:33,3
DA:36,3
DA:37,4
DA:38,8
DA:41,8
DA:42,0
DA:46,8
DA:47,4
DA:51,8
DA:54,8
DA:55,1
DA:58,8
DA:61,4
DA:64,3
DA:65,3
LF:26
LH:25
BRDA:21,0,0,2
BRDA:21,0,1,2
BRDA:23,1,0,1
BRDA:41,2,0,0
BRDA:41,3,0,8
BRDA:41,3,1,8
BRDA:41,3,2,8
BRDA:46,4,0,4
BRDA:54,5,0,1
BRDA:54,6,0,8
BRDA:54,6,1,7
BRDA:54,6,2,7
BRF:12
BRH:11
end_of_record
